<?xml version="1.0" encoding="UTF-8"?>
<testsuite name="study.StringTest" tests="4" skipped="0" failures="0" errors="0" timestamp="2022-02-28T08:37:57" hostname="macui-MacBookAir.local" time="0.097">
  <properties/>
  <testcase name="[요구사항 1-1] 1,2 split 테스트" classname="study.StringTest" time="0.08"/>
  <testcase name="[요구사항 3] abc charAt() 테스트" classname="study.StringTest" time="0.006"/>
  <testcase name="[요구사항 2] (1,2) substring 테스트" classname="study.StringTest" time="0.005"/>
  <testcase name="[요구사항 1-2 1, split 테스트" classname="study.StringTest" time="0.002"/>
  <system-out><![CDATA[]]></system-out>
  <system-err><![CDATA[]]></system-err>
</testsuite>
